# Домашнее задание к занятию «Индексы»

### Задание 1

Напишите запрос к учебной базе данных, который вернёт процентное отношение общего размера всех индексов к общему размеру всех таблиц.
```
SELECT sum(data_length) "Данные", sum(index_length) "Индексы", SUM(index_length) / SUM(data_length) * 100 "%"
FROM INFORMATION_SCHEMA.TABLES
WHERE table_schema = 'sakila';
```
  ![image](https://github.com/SergeySS72/hometasks/assets/134854727/e2b9b073-d667-419c-8e8e-d8f01e167c7b)

### Задание 2

Выполните explain analyze следующего запроса:
```sql
select distinct concat(c.last_name, ' ', c.first_name), sum(p.amount) over (partition by c.customer_id, f.title)
from payment p, rental r, customer c, inventory i, film f
where date(p.payment_date) = '2005-07-30' and p.payment_date = r.rental_date and r.customer_id = c.customer_id and i.inventory_id = r.inventory_id
```
- перечислите узкие места;
- оптимизируйте запрос: внесите корректировки по использованию операторов, при необходимости добавьте индексы.

```
-> Limit: 200 row(s)  (cost=0.00..0.00 rows=0) (actual time=3953.033..3953.061 rows=200 loops=1)
    -> Table scan on <temporary>  (cost=2.50..2.50 rows=0) (actual time=3953.032..3953.052 rows=200 loops=1)
        -> Temporary table with deduplication  (cost=0.00..0.00 rows=0) (actual time=3953.030..3953.030 rows=391 loops=1)
            -> Window aggregate with buffering: sum(payment.amount) OVER (PARTITION BY c.customer_id,f.title )   (actual time=1748.679..3811.273 rows=642000 loops=1)
                -> Sort: c.customer_id, f.title  (actual time=1748.653..1797.457 rows=642000 loops=1)
                    -> Stream results  (cost=10074429.46 rows=15587935) (actual time=0.268..1335.391 rows=642000 loops=1)
                        -> Nested loop inner join  (cost=10074429.46 rows=15587935) (actual time=0.264..1145.236 rows=642000 loops=1)
                            -> Nested loop inner join  (cost=8511738.97 rows=15587935) (actual time=0.262..1003.283 rows=642000 loops=1)
                                -> Nested loop inner join  (cost=6949048.48 rows=15587935) (actual time=0.257..864.087 rows=642000 loops=1)
                                    -> Inner hash join (no condition)  (cost=1540174.80 rows=15400000) (actual time=0.249..33.036 rows=634000 loops=1)
                                        -> Filter: (cast(p.payment_date as date) = '2005-07-30')  (cost=1.61 rows=15400) (actual time=0.022..4.115 rows=634 loops=1)
                                            -> Table scan on p  (cost=1.61 rows=15400) (actual time=0.014..3.080 rows=16044 loops=1)
                                        -> Hash
                                            -> Covering index scan on f using idx_title  (cost=103.00 rows=1000) (actual time=0.026..0.169 rows=1000 loops=1)
                                    -> Covering index lookup on r using rental_date (rental_date=p.payment_date)  (cost=0.25 rows=1) (actual time=0.001..0.001 rows=1 loops=634000)
                                -> Single-row index lookup on c using PRIMARY (customer_id=r.customer_id)  (cost=0.00 rows=1) (actual time=0.000..0.000 rows=1 loops=642000)
                            -> Single-row covering index lookup on i using PRIMARY (inventory_id=r.inventory_id)  (cost=0.00 rows=1) (actual time=0.000..0.000 rows=1 loops=642000)
```
Больше всего времени уходит на выполнение Оконной функции и сортировки Sort: c.customer_id, f.title

Запрос выводит всех Клиентов у которых есть платежи за 2005-07-30, если дата Платежа совпадает с датой Аренды и Сумму платежей по таким арендам.
Таблица ``film f`` здесь лишняя, т.к. поля из нее не выводятся в select. Поэтому ``f.title`` мошно исключить и из оконной функции.
Получается запрос:

```
select distinct concat(c.last_name, ' ', c.first_name), 
	sum(p.amount) over (partition by c.customer_id) #, f.title)
from payment p, rental r, customer c, inventory i#, film f
where date(p.payment_date) = '2005-07-30' and p.payment_date = r.rental_date
	and	r.customer_id = c.customer_id 
	and i.inventory_id = r.inventory_id
```
Вот результат после внесения изменений:
```
-> Limit: 200 row(s)  (cost=0.00..0.00 rows=0) (actual time=6.932..6.957 rows=200 loops=1)
    -> Table scan on <temporary>  (cost=2.50..2.50 rows=0) (actual time=6.932..6.947 rows=200 loops=1)
        -> Temporary table with deduplication  (cost=0.00..0.00 rows=0) (actual time=6.931..6.931 rows=391 loops=1)
            -> Window aggregate with buffering: sum(payment.amount) OVER (PARTITION BY c.customer_id )   (actual time=6.254..6.816 rows=642 loops=1)
                -> Sort: c.customer_id  (actual time=6.238..6.263 rows=642 loops=1)
                    -> Stream results  (cost=17884.68 rows=15588) (actual time=0.060..6.128 rows=642 loops=1)
                        -> Nested loop inner join  (cost=17884.68 rows=15588) (actual time=0.056..5.957 rows=642 loops=1)
                            -> Nested loop inner join  (cost=12428.90 rows=15588) (actual time=0.053..5.346 rows=642 loops=1)
                                -> Nested loop inner join  (cost=6973.12 rows=15588) (actual time=0.049..4.883 rows=642 loops=1)
                                    -> Filter: (cast(p.payment_date as date) = '2005-07-30')  (cost=1564.25 rows=15400) (actual time=0.038..3.857 rows=634 loops=1)
                                        -> Table scan on p  (cost=1564.25 rows=15400) (actual time=0.030..2.909 rows=16044 loops=1)
                                    -> Covering index lookup on r using rental_date (rental_date=p.payment_date)  (cost=0.25 rows=1) (actual time=0.001..0.002 rows=1 loops=634)
                                -> Single-row index lookup on c using PRIMARY (customer_id=r.customer_id)  (cost=0.25 rows=1) (actual time=0.001..0.001 rows=1 loops=642)
                            -> Single-row covering index lookup on i using PRIMARY (inventory_id=r.inventory_id)  (cost=0.25 rows=1) (actual time=0.001..0.001 rows=1 loops=642)
```
Еще можно связать условием ``c.customer_id = p.customer_id`` таблицы ``payment p и customer c`` вместо ``select distinct`` использовать ``select``:
```
explain analyze
select concat(c.last_name, ' ', c.first_name), 
	sum(p.amount) over (partition by c.customer_id) #, f.title)
from payment p, rental r, customer c, inventory i#, film f
where date(p.payment_date) = '2005-07-30' and p.payment_date = r.rental_date
	and	r.customer_id = c.customer_id 
	and i.inventory_id = r.inventory_id
	and c.customer_id = p.customer_id
```
Вот результат такого запроса:
```
-> Limit: 200 row(s)  (actual time=6.973..7.164 rows=200 loops=1)
    -> Window aggregate with buffering: sum(payment.amount) OVER (PARTITION BY c.customer_id )   (actual time=6.972..7.155 rows=200 loops=1)
        -> Sort: c.customer_id  (actual time=6.954..6.962 rows=202 loops=1)
            -> Stream results  (cost=7512.12 rows=770) (actual time=0.066..6.828 rows=634 loops=1)
                -> Nested loop inner join  (cost=7512.12 rows=770) (actual time=0.061..6.646 rows=634 loops=1)
                    -> Nested loop inner join  (cost=7242.62 rows=770) (actual time=0.058..5.964 rows=634 loops=1)
                        -> Nested loop inner join  (cost=6973.12 rows=770) (actual time=0.052..5.470 rows=634 loops=1)
                            -> Filter: (cast(p.payment_date as date) = '2005-07-30')  (cost=1564.25 rows=15400) (actual time=0.038..4.260 rows=634 loops=1)
                                -> Table scan on p  (cost=1564.25 rows=15400) (actual time=0.030..3.257 rows=16044 loops=1)
                            -> Filter: (r.customer_id = p.customer_id)  (cost=0.25 rows=0.05) (actual time=0.001..0.002 rows=1 loops=634)
                                -> Covering index lookup on r using rental_date (rental_date=p.payment_date)  (cost=0.25 rows=1) (actual time=0.001..0.002 rows=1 loops=634)
                        -> Single-row index lookup on c using PRIMARY (customer_id=p.customer_id)  (cost=0.25 rows=1) (actual time=0.001..0.001 rows=1 loops=634)
                    -> Single-row covering index lookup on i using PRIMARY (inventory_id=r.inventory_id)  (cost=0.25 rows=1) (actual time=0.001..0.001 rows=1 loops=634)
```
